<html>
<head>
<title>TestNG:  Default test</title>
<link href="../testng.css" rel="stylesheet" type="text/css" />
<link href="../my-testng.css" rel="stylesheet" type="text/css" />

<style type="text/css">
.log { display: none;} 
.stack-trace { display: none;} 
</style>
<script type="text/javascript">
<!--
function flip(e) {
  current = e.style.display;
  if (current == 'block') {
    e.style.display = 'none';
    return 0;
  }
  else {
    e.style.display = 'block';
    return 1;
  }
}

function toggleBox(szDivId, elem, msg1, msg2)
{
  var res = -1;  if (document.getElementById) {
    res = flip(document.getElementById(szDivId));
  }
  else if (document.all) {
    // this is the way old msie versions work
    res = flip(document.all[szDivId]);
  }
  if(elem) {
    if(res == 0) elem.innerHTML = msg1; else elem.innerHTML = msg2;
  }

}

function toggleAllBoxes() {
  if (document.getElementsByTagName) {
    d = document.getElementsByTagName('div');
    for (i = 0; i < d.length; i++) {
      if (d[i].className == 'log') {
        flip(d[i]);
      }
    }
  }
}

// -->
</script>

</head>
<body>
<h2 align='center'>Default test</h2><table border='1' align="center">
<tr>
<td>Tests passed/Failed/Skipped:</td><td>26/3/0</td>
</tr><tr>
<td>Started on:</td><td>Thu Feb 12 20:56:08 IST 2026</td>
</tr>
<tr><td>Total time:</td><td>496 seconds (496802 ms)</td>
</tr><tr>
<td>Included groups:</td><td></td>
</tr><tr>
<td>Excluded groups:</td><td></td>
</tr>
</table><p/>
<small><i>(Hover the method name to see the test class name)</i></small><p/>
<table width='100%' border='1' class='invocation-failed'>
<tr><td colspan='4' align='center'><b>FAILED TESTS</b></td></tr>
<tr><td><b>Test method</b></td>
<td><b>Attribute(s)</b></td>
<td width="30%"><b>Exception</b></td>
<td width="10%"><b>Time (seconds)</b></td>
<td><b>Instance</b></td>
</tr>
<tr>
<td title='runner.TestRunner.runScenario()'><b>runScenario</b><br>Test class: runner.TestRunner<br>Test method: Runs Cucumber Scenarios<br>Parameters: "Click on a flight from search results", "MakeMyTrip Search Results Functionality"</td>
<td><div><pre>java.lang.AssertionError: Details page not opened expected [true] but found [false]
	at org.testng.Assert.fail(Assert.java:111)
	at org.testng.Assert.failNotEquals(Assert.java:1578)
	at org.testng.Assert.assertTrue(Assert.java:57)
	at stepdefinitions.SearchResultsSteps.detailsPageShouldBeOpened(SearchResultsSteps.java:19)
	at ✽.details page should be opened(file:///C:/Users/laksh/Desktop/captstonemainprojectautomation/MakeMyTrip_Capstone-main/MakeMyTrip_Capstone-project/src/test/resources/features/SearchResults.feature:13)
</pre></div><a href='#' onClick='toggleBox("stack-trace2123127037", this, "Click to show all stack frames", "Click to hide stack frames")'>Click to show all stack frames</a>
<div class='stack-trace' id='stack-trace2123127037'><pre>java.lang.AssertionError: Details page not opened expected [true] but found [false]
	at org.testng.Assert.fail(Assert.java:111)
	at org.testng.Assert.failNotEquals(Assert.java:1578)
	at org.testng.Assert.assertTrue(Assert.java:57)
	at stepdefinitions.SearchResultsSteps.detailsPageShouldBeOpened(SearchResultsSteps.java:19)
	at ✽.details page should be opened(file:///C:/Users/laksh/Desktop/captstonemainprojectautomation/MakeMyTrip_Capstone-main/MakeMyTrip_Capstone-project/src/test/resources/features/SearchResults.feature:13)
</pre></div></td>
<td>50</td>
<td>runner.TestRunner@4c12331b</td></tr>
<tr>
<td title='runner.TestRunner.runScenario()'><b>runScenario</b><br>Test class: runner.TestRunner<br>Test method: Runs Cucumber Scenarios<br>Parameters: "Verify details page is displayed", "MakeMyTrip Search Results Functionality"</td>
<td><div><pre>java.lang.AssertionError: Details page not displayed expected [true] but found [false]
	at org.testng.Assert.fail(Assert.java:111)
	at org.testng.Assert.failNotEquals(Assert.java:1578)
	at org.testng.Assert.assertTrue(Assert.java:57)
	at stepdefinitions.SearchResultsSteps.detailsPageShouldBeDisplayed(SearchResultsSteps.java:24)
	at ✽.details page should be displayed(file:///C:/Users/laksh/Desktop/captstonemainprojectautomation/MakeMyTrip_Capstone-main/MakeMyTrip_Capstone-project/src/test/resources/features/SearchResults.feature:17)
</pre></div><a href='#' onClick='toggleBox("stack-trace1119158442", this, "Click to show all stack frames", "Click to hide stack frames")'>Click to show all stack frames</a>
<div class='stack-trace' id='stack-trace1119158442'><pre>java.lang.AssertionError: Details page not displayed expected [true] but found [false]
	at org.testng.Assert.fail(Assert.java:111)
	at org.testng.Assert.failNotEquals(Assert.java:1578)
	at org.testng.Assert.assertTrue(Assert.java:57)
	at stepdefinitions.SearchResultsSteps.detailsPageShouldBeDisplayed(SearchResultsSteps.java:24)
	at ✽.details page should be displayed(file:///C:/Users/laksh/Desktop/captstonemainprojectautomation/MakeMyTrip_Capstone-main/MakeMyTrip_Capstone-project/src/test/resources/features/SearchResults.feature:17)
</pre></div></td>
<td>50</td>
<td>runner.TestRunner@4c12331b</td></tr>
<tr>
<td title='runner.TestRunner.runScenario()'><b>runScenario</b><br>Test class: runner.TestRunner<br>Test method: Runs Cucumber Scenarios<br>Parameters: "Verify fare or price details are displayed", "MakeMyTrip Search Results Functionality"</td>
<td><div><pre>java.lang.AssertionError: Fare details not visible expected [true] but found [false]
	at org.testng.Assert.fail(Assert.java:111)
	at org.testng.Assert.failNotEquals(Assert.java:1578)
	at org.testng.Assert.assertTrue(Assert.java:57)
	at stepdefinitions.SearchResultsSteps.fareOrPriceDetailsShouldBeVisible(SearchResultsSteps.java:29)
	at ✽.fare or price details should be visible(file:///C:/Users/laksh/Desktop/captstonemainprojectautomation/MakeMyTrip_Capstone-main/MakeMyTrip_Capstone-project/src/test/resources/features/SearchResults.feature:21)
</pre></div><a href='#' onClick='toggleBox("stack-trace742806105", this, "Click to show all stack frames", "Click to hide stack frames")'>Click to show all stack frames</a>
<div class='stack-trace' id='stack-trace742806105'><pre>java.lang.AssertionError: Fare details not visible expected [true] but found [false]
	at org.testng.Assert.fail(Assert.java:111)
	at org.testng.Assert.failNotEquals(Assert.java:1578)
	at org.testng.Assert.assertTrue(Assert.java:57)
	at stepdefinitions.SearchResultsSteps.fareOrPriceDetailsShouldBeVisible(SearchResultsSteps.java:29)
	at ✽.fare or price details should be visible(file:///C:/Users/laksh/Desktop/captstonemainprojectautomation/MakeMyTrip_Capstone-main/MakeMyTrip_Capstone-project/src/test/resources/features/SearchResults.feature:21)
</pre></div></td>
<td>49</td>
<td>runner.TestRunner@4c12331b</td></tr>
</table><p>
<table width='100%' border='1' class='invocation-passed'>
<tr><td colspan='4' align='center'><b>PASSED TESTS</b></td></tr>
<tr><td><b>Test method</b></td>
<td><b>Attribute(s)</b></td>
<td width="30%"><b>Exception</b></td>
<td width="10%"><b>Time (seconds)</b></td>
<td><b>Instance</b></td>
</tr>
<tr>
<td title='runner.TestRunner.runScenario()'><b>runScenario</b><br>Test class: runner.TestRunner<br>Test method: Runs Cucumber Scenarios<br>Parameters: "Apply price filter and verify results", "MakeMyTrip Filters and Sorting Functionality"</td>
<td></td>
<td>29</td>
<td>runner.TestRunner@4c12331b</td></tr>
<tr>
<td title='runner.TestRunner.runScenario()'><b>runScenario</b><br>Test class: runner.TestRunner<br>Test method: Runs Cucumber Scenarios<br>Parameters: "Verify hotel results are displayed", "MakeMyTrip Hotels Search Functionality"</td>
<td></td>
<td>16</td>
<td>runner.TestRunner@4c12331b</td></tr>
<tr>
<td title='runner.TestRunner.runScenario()'><b>runScenario</b><br>Test class: runner.TestRunner<br>Test method: Runs Cucumber Scenarios<br>Parameters: "Search flights with same source and destination", "MakeMyTrip Flights Search Functionality"</td>
<td></td>
<td>11</td>
<td>runner.TestRunner@4c12331b</td></tr>
<tr>
<td title='runner.TestRunner.runScenario()'><b>runScenario</b><br>Test class: runner.TestRunner<br>Test method: Runs Cucumber Scenarios<br>Parameters: "Verify hotels page loads", "MakeMyTrip Hotels Search Functionality"</td>
<td></td>
<td>7</td>
<td>runner.TestRunner@4c12331b</td></tr>
<tr>
<td title='runner.TestRunner.runScenario()'><b>runScenario</b><br>Test class: runner.TestRunner<br>Test method: Runs Cucumber Scenarios<br>Parameters: "Verify login popup is handled", "MakeMyTrip Home Page Functionality"</td>
<td></td>
<td>6</td>
<td>runner.TestRunner@4c12331b</td></tr>
<tr>
<td title='runner.TestRunner.runScenario()'><b>runScenario</b><br>Test class: runner.TestRunner<br>Test method: Runs Cucumber Scenarios<br>Parameters: "Apply rating filter and verify results", "MakeMyTrip Filters and Sorting Functionality"</td>
<td></td>
<td>22</td>
<td>runner.TestRunner@4c12331b</td></tr>
<tr>
<td title='runner.TestRunner.runScenario()'><b>runScenario</b><br>Test class: runner.TestRunner<br>Test method: Runs Cucumber Scenarios<br>Parameters: "Verify navigation from Trains to Flights", "MakeMyTrip Navigation Functionality"</td>
<td></td>
<td>7</td>
<td>runner.TestRunner@4c12331b</td></tr>
<tr>
<td title='runner.TestRunner.runScenario()'><b>runScenario</b><br>Test class: runner.TestRunner<br>Test method: Runs Cucumber Scenarios<br>Parameters: "Verify train results page", "MakeMyTrip Trains Search Functionality"</td>
<td></td>
<td>19</td>
<td>runner.TestRunner@4c12331b</td></tr>
<tr>
<td title='runner.TestRunner.runScenario()'><b>runScenario</b><br>Test class: runner.TestRunner<br>Test method: Runs Cucumber Scenarios<br>Parameters: "Search hotels without selecting dates", "MakeMyTrip Hotels Search Functionality"</td>
<td></td>
<td>22</td>
<td>runner.TestRunner@4c12331b</td></tr>
<tr>
<td title='runner.TestRunner.runScenario()'><b>runScenario</b><br>Test class: runner.TestRunner<br>Test method: Runs Cucumber Scenarios<br>Parameters: "Verify home page loads successfully", "MakeMyTrip Home Page Functionality"</td>
<td></td>
<td>5</td>
<td>runner.TestRunner@4c12331b</td></tr>
<tr>
<td title='runner.TestRunner.runScenario()'><b>runScenario</b><br>Test class: runner.TestRunner<br>Test method: Runs Cucumber Scenarios<br>Parameters: "Verify departure date picker is present", "MakeMyTrip Flights Search Functionality"</td>
<td></td>
<td>6</td>
<td>runner.TestRunner@4c12331b</td></tr>
<tr>
<td title='runner.TestRunner.runScenario()'><b>runScenario</b><br>Test class: runner.TestRunner<br>Test method: Runs Cucumber Scenarios<br>Parameters: "Verify flight search results page is displayed", "MakeMyTrip Flights Search Functionality"</td>
<td></td>
<td>16</td>
<td>runner.TestRunner@4c12331b</td></tr>
<tr>
<td title='runner.TestRunner.runScenario()'><b>runScenario</b><br>Test class: runner.TestRunner<br>Test method: Runs Cucumber Scenarios<br>Parameters: "Verify From and To fields are present", "MakeMyTrip Flights Search Functionality"</td>
<td></td>
<td>7</td>
<td>runner.TestRunner@4c12331b</td></tr>
<tr>
<td title='runner.TestRunner.runScenario()'><b>runScenario</b><br>Test class: runner.TestRunner<br>Test method: Runs Cucumber Scenarios<br>Parameters: "Verify navigation from Hotels to Trains", "MakeMyTrip Navigation Functionality"</td>
<td></td>
<td>8</td>
<td>runner.TestRunner@4c12331b</td></tr>
<tr>
<td title='runner.TestRunner.runScenario()'><b>runScenario</b><br>Test class: runner.TestRunner<br>Test method: Runs Cucumber Scenarios<br>Parameters: "Verify presence of Flights tab", "MakeMyTrip Home Page Functionality"</td>
<td></td>
<td>5</td>
<td>runner.TestRunner@4c12331b</td></tr>
<tr>
<td title='runner.TestRunner.runScenario()'><b>runScenario</b><br>Test class: runner.TestRunner<br>Test method: Runs Cucumber Scenarios<br>Parameters: "Search trains with valid stations", "MakeMyTrip Trains Search Functionality"</td>
<td></td>
<td>19</td>
<td>runner.TestRunner@4c12331b</td></tr>
<tr>
<td title='runner.TestRunner.runScenario()'><b>runScenario</b><br>Test class: runner.TestRunner<br>Test method: Runs Cucumber Scenarios<br>Parameters: "Search flights with valid cities", "MakeMyTrip Flights Search Functionality"</td>
<td></td>
<td>16</td>
<td>runner.TestRunner@4c12331b</td></tr>
<tr>
<td title='runner.TestRunner.runScenario()'><b>runScenario</b><br>Test class: runner.TestRunner<br>Test method: Runs Cucumber Scenarios<br>Parameters: "Search flights without selecting travel date", "MakeMyTrip Flights Search Functionality"</td>
<td></td>
<td>19</td>
<td>runner.TestRunner@4c12331b</td></tr>
<tr>
<td title='runner.TestRunner.runScenario()'><b>runScenario</b><br>Test class: runner.TestRunner<br>Test method: Runs Cucumber Scenarios<br>Parameters: "Verify presence of Trains tab", "MakeMyTrip Home Page Functionality"</td>
<td></td>
<td>5</td>
<td>runner.TestRunner@4c12331b</td></tr>
<tr>
<td title='runner.TestRunner.runScenario()'><b>runScenario</b><br>Test class: runner.TestRunner<br>Test method: Runs Cucumber Scenarios<br>Parameters: "Search trains without travel date", "MakeMyTrip Trains Search Functionality"</td>
<td></td>
<td>15</td>
<td>runner.TestRunner@4c12331b</td></tr>
<tr>
<td title='runner.TestRunner.runScenario()'><b>runScenario</b><br>Test class: runner.TestRunner<br>Test method: Runs Cucumber Scenarios<br>Parameters: "Verify presence of Hotels tab", "MakeMyTrip Home Page Functionality"</td>
<td></td>
<td>4</td>
<td>runner.TestRunner@4c12331b</td></tr>
<tr>
<td title='runner.TestRunner.runScenario()'><b>runScenario</b><br>Test class: runner.TestRunner<br>Test method: Runs Cucumber Scenarios<br>Parameters: "Search hotels with valid city", "MakeMyTrip Hotels Search Functionality"</td>
<td></td>
<td>16</td>
<td>runner.TestRunner@4c12331b</td></tr>
<tr>
<td title='runner.TestRunner.runScenario()'><b>runScenario</b><br>Test class: runner.TestRunner<br>Test method: Runs Cucumber Scenarios<br>Parameters: "Verify list of available flights", "MakeMyTrip Flights Search Functionality"</td>
<td></td>
<td>17</td>
<td>runner.TestRunner@4c12331b</td></tr>
<tr>
<td title='runner.TestRunner.runScenario()'><b>runScenario</b><br>Test class: runner.TestRunner<br>Test method: Runs Cucumber Scenarios<br>Parameters: "Sort search results by price", "MakeMyTrip Filters and Sorting Functionality"</td>
<td></td>
<td>20</td>
<td>runner.TestRunner@4c12331b</td></tr>
<tr>
<td title='runner.TestRunner.runScenario()'><b>runScenario</b><br>Test class: runner.TestRunner<br>Test method: Runs Cucumber Scenarios<br>Parameters: "Verify navigation from Flights to Hotels", "MakeMyTrip Navigation Functionality"</td>
<td></td>
<td>7</td>
<td>runner.TestRunner@4c12331b</td></tr>
<tr>
<td title='runner.TestRunner.runScenario()'><b>runScenario</b><br>Test class: runner.TestRunner<br>Test method: Runs Cucumber Scenarios<br>Parameters: "Verify trains page loads", "MakeMyTrip Trains Search Functionality"</td>
<td></td>
<td>7</td>
<td>runner.TestRunner@4c12331b</td></tr>
</table><p>
</body>
</html>